<?xml version="1.0" encoding="UTF-8"?>
<!-- Generated by org.testng.reporters.JUnitReportReporter -->
<testsuite hostname="LAPTOP-7CA64VH5" failures="0" tests="1" name="com.automation.TestScript" time="13.931" errors="0" timestamp="24 Apr 2019 19:13:18 GMT" skipped="0">
  <testcase classname="com.automation.TestScript" name="Test" time="13.931"/>
</testsuite> <!-- com.automation.TestScript -->
