<?xml version="1.0" encoding="UTF-8"?>
<!-- Generated by org.testng.reporters.JUnitReportReporter -->
<testsuite hostname="LAPTOP-7CA64VH5" failures="0" tests="5" name="com.frameworks.LinearApproach4" time="134.372" errors="0" timestamp="25 May 2019 09:47:02 GMT" skipped="0">
  <testcase classname="com.frameworks.LinearApproach4" name="createEmployee" time="27.462"/>
  <testcase classname="com.frameworks.LinearApproach4" name="createEmployee" time="25.015"/>
  <testcase classname="com.frameworks.LinearApproach4" name="createEmployee" time="25.021"/>
  <testcase classname="com.frameworks.LinearApproach4" name="createEmployee" time="27.758"/>
  <testcase classname="com.frameworks.LinearApproach4" name="createEmployee" time="29.116"/>
</testsuite> <!-- com.frameworks.LinearApproach4 -->
