<?xml version="1.0" encoding="UTF-8"?>
<!-- Generated by org.testng.reporters.JUnitReportReporter -->
<testsuite hostname="LAPTOP-7CA64VH5" failures="0" tests="3" name="com.automation.TestngRoot" time="0.008" errors="0" timestamp="21 Apr 2019 16:54:12 GMT" skipped="0">
  <testcase classname="com.automation.TestngRoot" name="login" time="0.007"/>
  <testcase classname="com.automation.TestngRoot" name="logout" time="0.001"/>
  <testcase classname="com.automation.TestngRoot" name="close" time="0.000"/>
</testsuite> <!-- com.automation.TestngRoot -->
