<?xml version="1.0" encoding="UTF-8"?>
<!-- Generated by org.testng.reporters.JUnitReportReporter -->
<testsuite hostname="LAPTOP-7CA64VH5" failures="0" tests="2" name="com.automation.TestNG" time="0.012" errors="0" timestamp="18 Apr 2019 18:19:52 GMT" skipped="0">
  <testcase classname="com.automation.TestNG" name="SearchEmp" time="0.008"/>
  <testcase classname="com.automation.TestNG" name="OpenBrowser" time="0.004"/>
</testsuite> <!-- com.automation.TestNG -->
