<?xml version="1.0" encoding="UTF-8"?>
<!-- Generated by org.testng.reporters.JUnitReportReporter -->
<testsuite hostname="LAPTOP-7CA64VH5" failures="0" tests="1" name="com.automation.TestngAssertsScript" time="0.014" errors="0" timestamp="24 Apr 2019 18:21:14 GMT" skipped="0">
  <testcase classname="com.automation.TestngAssertsScript" name="TestVerify" time="0.014"/>
</testsuite> <!-- com.automation.TestngAssertsScript -->
