<?xml version="1.0" encoding="UTF-8"?>
<!-- Generated by org.testng.reporters.JUnitReportReporter -->
<testsuite hostname="LAPTOP-7CA64VH5" failures="0" tests="1" name="com.frameworks.LinearApproach5" time="38.292" errors="0" timestamp="25 May 2019 09:48:25 GMT" skipped="0">
  <testcase classname="com.frameworks.LinearApproach5" name="createEmployee" time="38.292"/>
</testsuite> <!-- com.frameworks.LinearApproach5 -->
