<?xml version="1.0" encoding="UTF-8"?>
<!-- Generated by org.testng.reporters.JUnitReportReporter -->
<testsuite hostname="LAPTOP-7CA64VH5" failures="0" tests="5" name="dataprovider_demo.DataProvider_Map7" time="0.026" errors="0" timestamp="04 Jun 2019 08:35:31 GMT" skipped="0">
  <testcase classname="dataprovider_demo.DataProvider_Map7" name="displayData" time="0.014"/>
  <testcase classname="dataprovider_demo.DataProvider_Map7" name="displayData" time="0.004"/>
  <testcase classname="dataprovider_demo.DataProvider_Map7" name="displayData" time="0.002"/>
  <testcase classname="dataprovider_demo.DataProvider_Map7" name="displayData" time="0.004"/>
  <testcase classname="dataprovider_demo.DataProvider_Map7" name="displayData" time="0.002"/>
</testsuite> <!-- dataprovider_demo.DataProvider_Map7 -->
