<?xml version="1.0" encoding="UTF-8"?>
<!-- Generated by org.testng.reporters.JUnitReportReporter -->
<testsuite hostname="LAPTOP-7CA64VH5" failures="0" tests="5" name="dataprovider_demo.DataProvider_Map1" time="0.022" errors="0" timestamp="06 Jun 2019 06:26:29 GMT" skipped="0">
  <testcase classname="dataprovider_demo.DataProvider_Map1" name="displayData" time="0.000"/>
  <testcase classname="dataprovider_demo.DataProvider_Map1" name="displayData" time="0.000"/>
  <testcase classname="dataprovider_demo.DataProvider_Map1" name="displayData" time="0.012"/>
  <testcase classname="dataprovider_demo.DataProvider_Map1" name="displayData" time="0.010"/>
  <testcase classname="dataprovider_demo.DataProvider_Map1" name="displayData" time="0.000"/>
</testsuite> <!-- dataprovider_demo.DataProvider_Map1 -->
