<?xml version="1.0" encoding="UTF-8"?>
<!-- Generated by org.testng.reporters.JUnitReportReporter -->
<testsuite hostname="LAPTOP-7CA64VH5" failures="0" tests="4" name="com.automation.TestngHRMS" time="0.029" errors="0" timestamp="21 Apr 2019 19:00:07 GMT" skipped="0">
  <testcase classname="com.automation.TestngHRMS" name="login" time="0.017"/>
  <testcase classname="com.automation.TestngHRMS" name="logout" time="0.012"/>
  <testcase classname="com.automation.TestngHRMS" name="close" time="0.000"/>
  <testcase classname="com.automation.TestngHRMS" name="SearchEmployee" time="0.000"/>
</testsuite> <!-- com.automation.TestngHRMS -->
