<?xml version="1.0" encoding="UTF-8"?>
<!-- Generated by org.testng.reporters.JUnitReportReporter -->
<testsuite hostname="LAPTOP-7CA64VH5" failures="0" tests="6" name="com.frameworks.DataProviderDemo" time="0.038" errors="0" timestamp="20 May 2019 10:00:58 GMT" skipped="0">
  <testcase classname="com.frameworks.DataProviderDemo" name="display" time="0.002"/>
  <testcase classname="com.frameworks.DataProviderDemo" name="display" time="0.015"/>
  <testcase classname="com.frameworks.DataProviderDemo" name="display" time="0.002"/>
  <testcase classname="com.frameworks.DataProviderDemo" name="display" time="0.003"/>
  <testcase classname="com.frameworks.DataProviderDemo" name="display" time="0.004"/>
  <testcase classname="com.frameworks.DataProviderDemo" name="display" time="0.012"/>
</testsuite> <!-- com.frameworks.DataProviderDemo -->
