<?xml version="1.0" encoding="UTF-8"?>
<!-- Generated by org.testng.reporters.JUnitReportReporter -->
<testsuite hostname="LAPTOP-7CA64VH5" failures="0" tests="5" name="dataprovider_demo.DataProvider_Map6" time="0.018" errors="0" timestamp="06 Jun 2019 06:45:08 GMT" skipped="0">
  <testcase classname="dataprovider_demo.DataProvider_Map6" name="display" time="0.010"/>
  <testcase classname="dataprovider_demo.DataProvider_Map6" name="display" time="0.003"/>
  <testcase classname="dataprovider_demo.DataProvider_Map6" name="display" time="0.001"/>
  <testcase classname="dataprovider_demo.DataProvider_Map6" name="display" time="0.002"/>
  <testcase classname="dataprovider_demo.DataProvider_Map6" name="display" time="0.002"/>
</testsuite> <!-- dataprovider_demo.DataProvider_Map6 -->
