<?xml version="1.0" encoding="UTF-8"?>
<!-- Generated by org.testng.reporters.JUnitReportReporter -->
<testsuite hostname="LAPTOP-7CA64VH5" failures="0" tests="1" name="com.frameworks.LinearApproach1" time="67.189" errors="0" timestamp="25 May 2019 09:33:36 GMT" skipped="0">
  <testcase classname="com.frameworks.LinearApproach1" name="createEmployee" time="67.189"/>
</testsuite> <!-- com.frameworks.LinearApproach1 -->
