<?xml version="1.0" encoding="UTF-8"?>
<!-- Generated by org.testng.reporters.JUnitReportReporter -->
<testsuite hostname="LAPTOP-7CA64VH5" failures="0" tests="1" name="com.automation.TestPractice" time="0.036" errors="0" timestamp="20 Aug 2019 06:28:31 GMT" skipped="0">
  <testcase classname="com.automation.TestPractice" name="printData" time="0.036"/>
</testsuite> <!-- com.automation.TestPractice -->
