<?xml version="1.0" encoding="UTF-8"?>
<!-- Generated by org.testng.reporters.JUnitReportReporter -->
<testsuite hostname="LAPTOP-7CA64VH5" failures="0" tests="1" name="com.testPom.Approach2" time="7.950" errors="0" timestamp="01 Jun 2019 04:27:31 GMT" skipped="0">
  <testcase classname="com.testPom.Approach2" name="createEmp" time="7.950"/>
</testsuite> <!-- com.testPom.Approach2 -->
