<?xml version="1.0" encoding="UTF-8"?>
<!-- Generated by org.testng.reporters.JUnitReportReporter -->
<testsuite hostname="LAPTOP-7CA64VH5" failures="0" tests="1" name="com.automation.TestPractice" time="0.002" errors="0" timestamp="18 Aug 2019 15:38:51 GMT" skipped="0">
  <testcase classname="com.automation.TestPractice" name="printData" time="0.002"/>
</testsuite> <!-- com.automation.TestPractice -->
