<?xml version="1.0" encoding="UTF-8"?>
<!-- Generated by org.testng.reporters.JUnitReportReporter -->
<testsuite hostname="LAPTOP-7CA64VH5" failures="0" tests="1" name="com.test.DataDrivenScript" time="59.120" errors="0" timestamp="22 May 2019 07:51:33 GMT" skipped="0">
  <testcase classname="com.test.DataDrivenScript" name="createEmployee" time="59.120"/>
</testsuite> <!-- com.test.DataDrivenScript -->
