<?xml version="1.0" encoding="UTF-8"?>
<!-- Generated by org.testng.reporters.JUnitReportReporter -->
<testsuite hostname="LAPTOP-7CA64VH5" failures="0" tests="5" name="dataprovider_demo.DataProvider_Map5" time="0.015" errors="0" timestamp="06 Jun 2019 06:43:08 GMT" skipped="0">
  <testcase classname="dataprovider_demo.DataProvider_Map5" name="displayData" time="0.002"/>
  <testcase classname="dataprovider_demo.DataProvider_Map5" name="displayData" time="0.001"/>
  <testcase classname="dataprovider_demo.DataProvider_Map5" name="displayData" time="0.009"/>
  <testcase classname="dataprovider_demo.DataProvider_Map5" name="displayData" time="0.003"/>
  <testcase classname="dataprovider_demo.DataProvider_Map5" name="displayData" time="0.000"/>
</testsuite> <!-- dataprovider_demo.DataProvider_Map5 -->
