<?xml version="1.0" encoding="UTF-8"?>
<!-- Generated by org.testng.reporters.JUnitReportReporter -->
<testsuite hostname="LAPTOP-7CA64VH5" failures="0" tests="1" name="com.automation.Script1" time="15.606" errors="0" timestamp="28 May 2019 08:19:54 GMT" skipped="0">
  <testcase classname="com.automation.Script1" name="getData" time="15.606"/>
</testsuite> <!-- com.automation.Script1 -->
