<?xml version="1.0" encoding="UTF-8"?>
<!-- Generated by org.testng.reporters.JUnitReportReporter -->
<testsuite hostname="LAPTOP-7CA64VH5" failures="0" tests="1" name="com.frameworks.LinearApproach2" time="44.299" errors="0" timestamp="22 May 2019 07:58:08 GMT" skipped="0">
  <testcase classname="com.frameworks.LinearApproach2" name="createEmployee" time="44.299"/>
</testsuite> <!-- com.frameworks.LinearApproach2 -->
