<?xml version="1.0" encoding="UTF-8"?>
<!-- Generated by org.testng.reporters.JUnitReportReporter -->
<testsuite hostname="LAPTOP-7CA64VH5" failures="0" tests="2" name="com.automation.Script" time="0.019" errors="0" timestamp="28 May 2019 06:01:00 GMT" skipped="0">
  <testcase classname="com.automation.Script" name="dataRead" time="0.015"/>
  <testcase classname="com.automation.Script" name="dataRead" time="0.004"/>
</testsuite> <!-- com.automation.Script -->
