<?xml version="1.0" encoding="UTF-8"?>
<!-- Generated by org.testng.reporters.JUnitReportReporter -->
<testsuite hostname="LAPTOP-7CA64VH5" failures="0" tests="1" name="com.pom.ExcelData" time="1.876" errors="0" timestamp="30 May 2019 08:07:42 GMT" skipped="0">
  <testcase classname="com.pom.ExcelData" name="getTestData" time="1.876"/>
</testsuite> <!-- com.pom.ExcelData -->
