<?xml version="1.0" encoding="UTF-8"?>
<!-- Generated by org.testng.reporters.JUnitReportReporter -->
<testsuite hostname="LAPTOP-7CA64VH5" failures="0" tests="4" name="com.automation.TestngListener1" time="0.034" errors="0" timestamp="03 May 2019 06:23:52 GMT" skipped="0">
  <testcase classname="com.automation.TestngListener1" name="Testscript4" time="0.011"/>
  <testcase classname="com.automation.TestngListener1" name="Testscript1" time="0.015"/>
  <testcase classname="com.automation.TestngListener1" name="Testscript3" time="0.002"/>
  <testcase classname="com.automation.TestngListener1" name="Testscript2" time="0.006"/>
</testsuite> <!-- com.automation.TestngListener1 -->
