<?xml version="1.0" encoding="UTF-8"?>
<!-- Generated by org.testng.reporters.JUnitReportReporter -->
<testsuite hostname="LAPTOP-7CA64VH5" failures="0" tests="1" name="com.testPom.Approach1" time="19.485" errors="0" timestamp="01 Jun 2019 04:24:49 GMT" skipped="0">
  <testcase classname="com.testPom.Approach1" name="createEmp" time="19.485"/>
</testsuite> <!-- com.testPom.Approach1 -->
