<?xml version="1.0" encoding="UTF-8"?>
<!-- Generated by org.testng.reporters.JUnitReportReporter -->
<testsuite hostname="LAPTOP-7CA64VH5" failures="0" tests="5" name="dataprovider_demo.DataProvider_List" time="0.024" errors="0" timestamp="04 Jun 2019 05:57:32 GMT" skipped="0">
  <testcase classname="dataprovider_demo.DataProvider_List" name="displayData" time="0.003"/>
  <testcase classname="dataprovider_demo.DataProvider_List" name="displayData" time="0.002"/>
  <testcase classname="dataprovider_demo.DataProvider_List" name="displayData" time="0.012"/>
  <testcase classname="dataprovider_demo.DataProvider_List" name="displayData" time="0.004"/>
  <testcase classname="dataprovider_demo.DataProvider_List" name="displayData" time="0.003"/>
</testsuite> <!-- dataprovider_demo.DataProvider_List -->
