<?xml version="1.0" encoding="UTF-8"?>
<!-- Generated by org.testng.reporters.JUnitReportReporter -->
<testsuite hostname="LAPTOP-7CA64VH5" failures="0" tests="1" name="com.automation.SeleniumGridDemo" time="12.299" errors="0" timestamp="18 Jun 2019 08:57:40 GMT" skipped="0">
  <testcase classname="com.automation.SeleniumGridDemo" name="sampleDemo" time="12.299"/>
</testsuite> <!-- com.automation.SeleniumGridDemo -->
