<?xml version="1.0" encoding="UTF-8"?>
<!-- Generated by org.testng.reporters.JUnitReportReporter -->
<testsuite hostname="LAPTOP-7CA64VH5" failures="0" tests="1" name="com.automation.TestngAsserts" time="15.696" errors="0" timestamp="24 Apr 2019 19:07:46 GMT" skipped="0">
  <testcase classname="com.automation.TestngAsserts" name="Test" time="15.696"/>
</testsuite> <!-- com.automation.TestngAsserts -->
