<?xml version="1.0" encoding="UTF-8"?>
<!-- Generated by org.testng.reporters.JUnitReportReporter -->
<testsuite hostname="LAPTOP-7CA64VH5" failures="0" tests="1" name="com.pom.LinearApproach2" time="11.354" errors="0" timestamp="30 May 2019 05:19:20 GMT" skipped="0">
  <testcase classname="com.pom.LinearApproach2" name="createEmployee" time="11.354"/>
</testsuite> <!-- com.pom.LinearApproach2 -->
