<?xml version="1.0" encoding="UTF-8"?>
<!-- Generated by org.testng.reporters.JUnitReportReporter -->
<testsuite hostname="LAPTOP-7CA64VH5" failures="0" tests="5" name="dataprovider_demo.DataProvider_Map" time="0.057" errors="0" timestamp="04 Jun 2019 06:18:44 GMT" skipped="0">
  <testcase classname="dataprovider_demo.DataProvider_Map" name="displayData" time="0.003"/>
  <testcase classname="dataprovider_demo.DataProvider_Map" name="displayData" time="0.013"/>
  <testcase classname="dataprovider_demo.DataProvider_Map" name="displayData" time="0.013"/>
  <testcase classname="dataprovider_demo.DataProvider_Map" name="displayData" time="0.005"/>
  <testcase classname="dataprovider_demo.DataProvider_Map" name="displayData" time="0.023"/>
</testsuite> <!-- dataprovider_demo.DataProvider_Map -->
