<?xml version="1.0" encoding="UTF-8"?>
<!-- Generated by org.testng.reporters.JUnitReportReporter -->
<testsuite hostname="LAPTOP-7CA64VH5" failures="0" tests="5" name="dataprovider_demo.DataProvider_Array" time="0.063" errors="0" timestamp="07 Jun 2019 06:41:10 GMT" skipped="0">
  <testcase classname="dataprovider_demo.DataProvider_Array" name="displayData" time="0.008"/>
  <testcase classname="dataprovider_demo.DataProvider_Array" name="displayData" time="0.034"/>
  <testcase classname="dataprovider_demo.DataProvider_Array" name="displayData" time="0.015"/>
  <testcase classname="dataprovider_demo.DataProvider_Array" name="displayData" time="0.002"/>
  <testcase classname="dataprovider_demo.DataProvider_Array" name="displayData" time="0.004"/>
</testsuite> <!-- dataprovider_demo.DataProvider_Array -->
