<?xml version="1.0" encoding="UTF-8"?>
<!-- Generated by org.testng.reporters.JUnitReportReporter -->
<testsuite hostname="LAPTOP-7CA64VH5" failures="0" tests="1" name="com.automation.TestngDataprovider" time="26.067" errors="0" timestamp="25 Apr 2019 18:56:07 GMT" skipped="0">
  <testcase classname="com.automation.TestngDataprovider" name="CreateEmployee" time="26.067"/>
</testsuite> <!-- com.automation.TestngDataprovider -->
