<?xml version="1.0" encoding="UTF-8"?>
<!-- Generated by org.testng.reporters.JUnitReportReporter -->
<testsuite hostname="LAPTOP-7CA64VH5" failures="0" tests="5" name="dataprovider_demo.DataProvider_Map2" time="0.033" errors="0" timestamp="05 Jun 2019 07:46:07 GMT" skipped="0">
  <testcase classname="dataprovider_demo.DataProvider_Map2" name="displayData" time="0.004"/>
  <testcase classname="dataprovider_demo.DataProvider_Map2" name="displayData" time="0.003"/>
  <testcase classname="dataprovider_demo.DataProvider_Map2" name="displayData" time="0.012"/>
  <testcase classname="dataprovider_demo.DataProvider_Map2" name="displayData" time="0.003"/>
  <testcase classname="dataprovider_demo.DataProvider_Map2" name="displayData" time="0.011"/>
</testsuite> <!-- dataprovider_demo.DataProvider_Map2 -->
