<?xml version="1.0" encoding="UTF-8"?>
<!-- Generated by org.testng.reporters.JUnitReportReporter -->
<testsuite hostname="LAPTOP-7CA64VH5" failures="0" tests="1" name="com.testPom.Framework" time="0.000" errors="0" timestamp="03 Jun 2019 05:36:43 GMT" skipped="1">
  <testcase classname="com.testPom.Framework" name="login" time="0.000">
    <skipped/>
  </testcase> <!-- login -->
</testsuite> <!-- com.testPom.Framework -->
