<?xml version="1.0" encoding="UTF-8"?>
<!-- Generated by org.testng.reporters.JUnitReportReporter -->
<testsuite hostname="LAPTOP-7CA64VH5" failures="0" tests="1" name="com.automation.TestNGDemo" time="0.014" errors="0" timestamp="18 Aug 2019 15:38:51 GMT" skipped="0">
  <testcase classname="com.automation.TestNGDemo" name="display" time="0.014"/>
</testsuite> <!-- com.automation.TestNGDemo -->
