<?xml version="1.0" encoding="UTF-8"?>
<!-- Generated by org.testng.reporters.JUnitReportReporter -->
<testsuite hostname="LAPTOP-7CA64VH5" failures="0" tests="1" name="dataprovider_demo.Testng_DataProvider" time="0.000" errors="0" timestamp="02 Jun 2019 13:06:52 GMT" skipped="1">
  <testcase classname="dataprovider_demo.Testng_DataProvider" name="displayData" time="0.000">
    <skipped/>
  </testcase> <!-- displayData -->
</testsuite> <!-- dataprovider_demo.Testng_DataProvider -->
