<?xml version="1.0" encoding="UTF-8"?>
<!-- Generated by org.testng.reporters.JUnitReportReporter -->
<testsuite hostname="LAPTOP-7CA64VH5" failures="0" tests="5" name="dataprovider_demo.DataProvider_Map3" time="0.131" errors="0" timestamp="05 Jun 2019 05:23:43 GMT" skipped="0">
  <testcase classname="dataprovider_demo.DataProvider_Map3" name="displayData" time="0.114"/>
  <testcase classname="dataprovider_demo.DataProvider_Map3" name="displayData" time="0.007"/>
  <testcase classname="dataprovider_demo.DataProvider_Map3" name="displayData" time="0.004"/>
  <testcase classname="dataprovider_demo.DataProvider_Map3" name="displayData" time="0.003"/>
  <testcase classname="dataprovider_demo.DataProvider_Map3" name="displayData" time="0.003"/>
</testsuite> <!-- dataprovider_demo.DataProvider_Map3 -->
